<?xml version="1.0" encoding="UTF-8"?>
<!-- Generated by org.testng.reporters.JUnitReportReporter -->
<testsuite hostname="Sravanthis-MacBook-Pro.local" failures="0" tests="1" name="tests.TestRunner" time="29.140" errors="0" timestamp="2024-07-04T11:04:47 SGT" skipped="0">
  <testcase classname="tests.TestRunner" name="launchMagicUrl" time="29.140"/>
  <system-out/>
</testsuite> <!-- tests.TestRunner -->
